[2022-08-30T02:48:53.853] [INFO] produccion - Servidor HTTP escuando en el puerto 8080
[2022-08-30T02:48:53.924] [DEBUG] produccion - Conectado a la base de datos mongo...
[2022-08-30T02:50:19.256] [INFO] produccion - {
  body: 'Has finalizado la compra. Tu lista de productos: \r\n' +
    'Televisor 50´ 4k $93999 \r\n' +
    'Microondas $25000 \r\n' +
    'Heladera $85999 \r\n',
  numSegments: '1',
  direction: 'outbound-api',
  from: 'whatsapp:+14155238886',
  to: 'whatsapp:+5491134047670',
  dateUpdated: 2022-08-30T05:50:24.000Z,
  price: null,
  errorMessage: null,
  uri: '/2010-04-01/Accounts/AC14764d5cd5e57cf1354d44f8d9fd77d0/Messages/SM9d13d6ccb421aaf7fd2aa679df3f161c.json',
  accountSid: 'AC14764d5cd5e57cf1354d44f8d9fd77d0',
  numMedia: '0',
  status: 'queued',
  messagingServiceSid: null,
  sid: 'SM9d13d6ccb421aaf7fd2aa679df3f161c',
  dateSent: null,
  dateCreated: 2022-08-30T05:50:24.000Z,
  errorCode: null,
  priceUnit: null,
  apiVersion: '2010-04-01',
  subresourceUris: {
    media: '/2010-04-01/Accounts/AC14764d5cd5e57cf1354d44f8d9fd77d0/Messages/SM9d13d6ccb421aaf7fd2aa679df3f161c/Media.json'
  }
}
[2022-08-30T02:50:20.131] [INFO] produccion - {
  body: 'Sent from your Twilio trial account - Has finalizado la compra. Tu lista de productos: \r\n' +
    'Televisor 50´ 4k $93999 \r\n' +
    'Microondas $25000 \r\n' +
    'Heladera $85999',
  numSegments: '3',
  direction: 'outbound-api',
  from: '+19513570609',
  to: '+541137839891',
  dateUpdated: 2022-08-30T05:50:25.000Z,
  price: null,
  errorMessage: null,
  uri: '/2010-04-01/Accounts/AC3b31e13c3b94f9ac09e61fea944c5e64/Messages/SMb6a67fa4f37e51852c0c60cd7dfbd3a7.json',
  accountSid: 'AC3b31e13c3b94f9ac09e61fea944c5e64',
  numMedia: '0',
  status: 'queued',
  messagingServiceSid: null,
  sid: 'SMb6a67fa4f37e51852c0c60cd7dfbd3a7',
  dateSent: null,
  dateCreated: 2022-08-30T05:50:25.000Z,
  errorCode: null,
  priceUnit: 'USD',
  apiVersion: '2010-04-01',
  subresourceUris: {
    media: '/2010-04-01/Accounts/AC3b31e13c3b94f9ac09e61fea944c5e64/Messages/SMb6a67fa4f37e51852c0c60cd7dfbd3a7/Media.json'
  }
}
[2022-08-30T02:58:02.786] [INFO] produccion - Servidor HTTP escuando en el puerto 8080
[2022-08-30T02:58:02.857] [DEBUG] produccion - Conectado a la base de datos mongo...
[2022-08-30T02:58:25.549] [INFO] produccion - {
  accepted: [ 'nico.alejandro20@gmail.com' ],
  rejected: [],
  envelopeTime: 1132,
  messageTime: 795,
  messageSize: 450,
  response: '250 2.0.0 OK  1661839111 s1-20020a4ab541000000b004354a4412edsm6205069ooo.29 - gsmtp',
  envelope: {
    from: 'nico.alejandro20@gmail.com',
    to: [ 'nico.alejandro20@gmail.com' ]
  },
  messageId: '<70a253a3-7577-7759-4928-ee0dbeebea9b@gmail.com>'
}
[2022-08-30T03:36:17.897] [DEBUG] produccion - Conectado a la base de datos mongo...
[2022-08-30T15:46:50.292] [INFO] produccion - Servidor HTTP escuando en el puerto 8080
[2022-08-30T15:46:50.486] [DEBUG] produccion - Conectado a la base de datos mongo...
[2022-08-30T17:08:21.242] [INFO] produccion - Servidor HTTP escuando en el puerto 8080
[2022-08-30T17:08:21.387] [DEBUG] produccion - Conectado a la base de datos mongo...
[2022-08-30T17:16:55.020] [INFO] produccion - Servidor HTTP escuando en el puerto 8080
[2022-08-30T17:16:55.117] [DEBUG] produccion - Conectado a la base de datos mongo...
[2022-08-30T17:58:12.789] [DEBUG] produccion - Conectado a la base de datos mongo...
[2022-08-30T17:58:15.669] [INFO] produccion - Servidor HTTP escuando en el puerto 8080
[2022-08-30T17:58:15.701] [INFO] produccion - Servidor HTTP escuando en el puerto 8080
[2022-08-30T17:58:15.811] [INFO] produccion - Servidor HTTP escuando en el puerto 8080
[2022-08-30T17:58:15.866] [DEBUG] produccion - Conectado a la base de datos mongo...
[2022-08-30T17:58:15.879] [DEBUG] produccion - Conectado a la base de datos mongo...
[2022-08-30T17:58:15.896] [INFO] produccion - Servidor HTTP escuando en el puerto 8080
[2022-08-30T17:58:15.940] [DEBUG] produccion - Conectado a la base de datos mongo...
[2022-08-30T17:58:15.997] [DEBUG] produccion - Conectado a la base de datos mongo...
[2022-08-30T19:23:43.951] [DEBUG] produccion - Conectado a la base de datos mongo...
[2022-08-30T19:23:47.621] [INFO] produccion - Servidor HTTP escuando en el puerto 8080
[2022-08-30T19:23:47.623] [INFO] produccion - Servidor HTTP escuando en el puerto 8080
[2022-08-30T19:23:47.623] [INFO] produccion - Servidor HTTP escuando en el puerto 8080
[2022-08-30T19:23:47.743] [INFO] produccion - Servidor HTTP escuando en el puerto 8080
[2022-08-30T19:23:47.774] [DEBUG] produccion - Conectado a la base de datos mongo...
[2022-08-30T19:23:47.818] [DEBUG] produccion - Conectado a la base de datos mongo...
[2022-08-30T19:23:47.827] [DEBUG] produccion - Conectado a la base de datos mongo...
[2022-08-30T19:23:47.976] [DEBUG] produccion - Conectado a la base de datos mongo...
[2022-08-30T21:54:31.628] [DEBUG] produccion - Conectado a la base de datos mongo...
[2022-08-30T21:54:34.777] [INFO] produccion - Servidor HTTP escuando en el puerto 8080
[2022-08-30T21:54:34.825] [INFO] produccion - Servidor HTTP escuando en el puerto 8080
[2022-08-30T21:54:34.863] [INFO] produccion - Servidor HTTP escuando en el puerto 8080
[2022-08-30T21:54:34.894] [DEBUG] produccion - Conectado a la base de datos mongo...
[2022-08-30T21:54:34.922] [INFO] produccion - Servidor HTTP escuando en el puerto 8080
[2022-08-30T21:54:35.005] [DEBUG] produccion - Conectado a la base de datos mongo...
[2022-08-30T21:54:35.018] [DEBUG] produccion - Conectado a la base de datos mongo...
[2022-08-30T21:54:35.065] [DEBUG] produccion - Conectado a la base de datos mongo...
[2022-08-30T21:58:53.880] [DEBUG] produccion - Conectado a la base de datos mongo...
[2022-08-30T21:58:56.549] [INFO] produccion - Servidor HTTP escuando en el puerto 8080
[2022-08-30T21:58:56.585] [INFO] produccion - Servidor HTTP escuando en el puerto 8080
[2022-08-30T21:58:56.633] [INFO] produccion - Servidor HTTP escuando en el puerto 8080
[2022-08-30T21:58:56.672] [INFO] produccion - Servidor HTTP escuando en el puerto 8080
[2022-08-30T21:58:56.701] [DEBUG] produccion - Conectado a la base de datos mongo...
[2022-08-30T21:58:56.719] [DEBUG] produccion - Conectado a la base de datos mongo...
[2022-08-30T21:58:56.762] [DEBUG] produccion - Conectado a la base de datos mongo...
[2022-08-30T21:58:56.768] [DEBUG] produccion - Conectado a la base de datos mongo...
[2022-08-30T22:01:25.047] [DEBUG] produccion - Conectado a la base de datos mongo...
[2022-08-30T22:01:27.803] [INFO] produccion - Servidor HTTP escuando en el puerto 8080
[2022-08-30T22:01:27.861] [INFO] produccion - Servidor HTTP escuando en el puerto 8080
[2022-08-30T22:01:27.943] [INFO] produccion - Servidor HTTP escuando en el puerto 8080
[2022-08-30T22:01:28.003] [DEBUG] produccion - Conectado a la base de datos mongo...
[2022-08-30T22:01:28.069] [INFO] produccion - Servidor HTTP escuando en el puerto 8080
[2022-08-30T22:01:28.079] [DEBUG] produccion - Conectado a la base de datos mongo...
[2022-08-30T22:01:28.149] [DEBUG] produccion - Conectado a la base de datos mongo...
[2022-08-30T22:01:28.201] [DEBUG] produccion - Conectado a la base de datos mongo...
[2022-08-30T22:01:49.675] [INFO] produccion - User Registration succesful
[2022-08-30T22:01:49.702] [INFO] produccion - getDatos
[2022-08-30T22:01:49.703] [INFO] produccion - entra al if
[2022-08-30T22:01:49.703] [INFO] produccion - {
  _id: '630eb2fd7b1faf93fa02a5d5',
  username: 'nicoalejandro22@ee.com',
  password: '$2b$10$u.zyfZZAKSdjM4t0crcQju8SkqQh0LOlA9.td7cz6u6RxqSeDiLl.',
  name: 'Nicolás ',
  direction: 'CABA',
  age: 24,
  phone: 1111111111,
  __v: 0
}
[2022-08-30T22:14:18.136] [DEBUG] produccion - Conectado a la base de datos mongo...
[2022-08-30T22:14:21.063] [INFO] produccion - Servidor HTTP escuando en el puerto 8080
[2022-08-30T22:14:21.160] [INFO] produccion - Servidor HTTP escuando en el puerto 8080
[2022-08-30T22:14:21.213] [INFO] produccion - Servidor HTTP escuando en el puerto 8080
[2022-08-30T22:14:21.213] [INFO] produccion - Servidor HTTP escuando en el puerto 8080
[2022-08-30T22:14:21.279] [DEBUG] produccion - Conectado a la base de datos mongo...
[2022-08-30T22:14:21.313] [DEBUG] produccion - Conectado a la base de datos mongo...
[2022-08-30T22:14:21.319] [DEBUG] produccion - Conectado a la base de datos mongo...
[2022-08-30T22:14:21.343] [DEBUG] produccion - Conectado a la base de datos mongo...
[2022-08-30T22:28:06.566] [ERROR] produccion - user not found nicoalejandro22@e.com
[2022-08-30T22:28:06.567] [ERROR] produccion - message user not found
[2022-08-30T22:28:18.665] [INFO] produccion - User already exists
[2022-08-30T22:28:18.665] [INFO] produccion - message User Already Exists
[2022-08-30T22:28:31.700] [INFO] produccion - User Registration succesful
[2022-08-30T22:28:31.714] [INFO] produccion - getDatos
[2022-08-30T22:28:31.714] [INFO] produccion - entra al if
[2022-08-30T22:28:31.714] [INFO] produccion - {
  _id: '630eb93fd0eecaf2e79dbad4',
  username: 'nicolas@gmail.com',
  password: '$2b$10$/LX6zk4YWAuWmc/982/Mv.mELzw4NW4kkjg6fLMZrhLs4.iOU/c.y',
  name: 'Nicolás ',
  direction: 'CABA',
  age: 26,
  phone: 1137839891,
  __v: 0
}
[2022-08-30T22:29:34.633] [INFO] produccion - getDatos
[2022-08-30T22:29:34.634] [INFO] produccion - entra al if
[2022-08-30T22:29:34.634] [INFO] produccion - {
  _id: '630eb93fd0eecaf2e79dbad4',
  username: 'nicolas@gmail.com',
  password: '$2b$10$/LX6zk4YWAuWmc/982/Mv.mELzw4NW4kkjg6fLMZrhLs4.iOU/c.y',
  name: 'Nicolás ',
  direction: 'CABA',
  age: 26,
  phone: 1137839891,
  __v: 0
}
[2022-08-30T22:31:14.900] [DEBUG] produccion - Conectado a la base de datos mongo...
[2022-08-30T22:31:17.360] [INFO] produccion - Servidor HTTP escuando en el puerto 8080
[2022-08-30T22:31:17.391] [INFO] produccion - Servidor HTTP escuando en el puerto 8080
[2022-08-30T22:31:17.443] [INFO] produccion - Servidor HTTP escuando en el puerto 8080
[2022-08-30T22:31:17.523] [DEBUG] produccion - Conectado a la base de datos mongo...
[2022-08-30T22:31:17.533] [DEBUG] produccion - Conectado a la base de datos mongo...
[2022-08-30T22:31:17.545] [DEBUG] produccion - Conectado a la base de datos mongo...
[2022-08-30T22:31:17.598] [INFO] produccion - Servidor HTTP escuando en el puerto 8080
[2022-08-30T22:31:17.665] [DEBUG] produccion - Conectado a la base de datos mongo...
[2022-08-30T22:40:59.983] [DEBUG] produccion - Conectado a la base de datos mongo...
[2022-08-30T22:41:03.088] [INFO] produccion - Servidor HTTP escuando en el puerto 8080
[2022-08-30T22:41:03.173] [INFO] produccion - Servidor HTTP escuando en el puerto 8080
[2022-08-30T22:41:03.232] [DEBUG] produccion - Conectado a la base de datos mongo...
[2022-08-30T22:41:03.249] [INFO] produccion - Servidor HTTP escuando en el puerto 8080
[2022-08-30T22:41:03.262] [INFO] produccion - Servidor HTTP escuando en el puerto 8080
[2022-08-30T22:41:03.292] [DEBUG] produccion - Conectado a la base de datos mongo...
[2022-08-30T22:41:03.347] [DEBUG] produccion - Conectado a la base de datos mongo...
[2022-08-30T22:41:03.347] [DEBUG] produccion - Conectado a la base de datos mongo...
